<?xml version="1.0" encoding="UTF-8"?>
<testng-results skipped="0" failed="1" total="1" passed="0">
  <reporter-output>
  </reporter-output>
  <suite name="Default suite" duration-ms="26349" started-at="2020-09-22T04:30:45Z" finished-at="2020-09-22T04:31:12Z">
    <groups>
    </groups>
    <test name="Default test" duration-ms="26349" started-at="2020-09-22T04:30:45Z" finished-at="2020-09-22T04:31:12Z">
      <class name="com.atmecs.demoautomation.testscripts.Testhomepage">
        <test-method status="PASS" signature="invokeBrowser()[pri:0, instance:com.atmecs.demoautomation.testscripts.Testhomepage@47f37ef1]" name="invokeBrowser" is-config="true" duration-ms="21577" started-at="2020-09-22T10:00:45Z" finished-at="2020-09-22T10:01:07Z">
          <reporter-output>
          </reporter-output>
        </test-method> <!-- invokeBrowser -->
        <test-method status="FAIL" signature="submitDetails()[pri:0, instance:com.atmecs.demoautomation.testscripts.Testhomepage@47f37ef1]" name="submitDetails" duration-ms="16" started-at="2020-09-22T10:01:07Z" finished-at="2020-09-22T10:01:07Z">
          <exception class="java.lang.NullPointerException">
            <full-stacktrace>
              <![CDATA[java.lang.NullPointerException
	at com.atmecs.demoautomation.helpers.Elementhelper.sendKeys(Elementhelper.java:41)
	at com.atmecs.demoautomation.pages.Homepage.formDetails(Homepage.java:21)
	at com.atmecs.demoautomation.testscripts.Testhomepage.submitDetails(Testhomepage.java:21)
	at sun.reflect.NativeMethodAccessorImpl.invoke0(Native Method)
	at sun.reflect.NativeMethodAccessorImpl.invoke(NativeMethodAccessorImpl.java:62)
	at sun.reflect.DelegatingMethodAccessorImpl.invoke(DelegatingMethodAccessorImpl.java:43)
	at java.lang.reflect.Method.invoke(Method.java:498)
	at org.testng.internal.MethodInvocationHelper.invokeMethod(MethodInvocationHelper.java:86)
	at org.testng.internal.Invoker.invokeMethod(Invoker.java:645)
	at org.testng.internal.Invoker.invokeTestMethod(Invoker.java:822)
	at org.testng.internal.Invoker.invokeTestMethods(Invoker.java:1130)
	at org.testng.internal.TestMethodWorker.invokeTestMethods(TestMethodWorker.java:129)
	at org.testng.internal.TestMethodWorker.run(TestMethodWorker.java:112)
	at org.testng.TestRunner.privateRun(TestRunner.java:782)
	at org.testng.TestRunner.run(TestRunner.java:632)
	at org.testng.SuiteRunner.runTest(SuiteRunner.java:366)
	at org.testng.SuiteRunner.runSequentially(SuiteRunner.java:361)
	at org.testng.SuiteRunner.privateRun(SuiteRunner.java:319)
	at org.testng.SuiteRunner.run(SuiteRunner.java:268)
	at org.testng.SuiteRunnerWorker.runSuite(SuiteRunnerWorker.java:52)
	at org.testng.SuiteRunnerWorker.run(SuiteRunnerWorker.java:86)
	at org.testng.TestNG.runSuitesSequentially(TestNG.java:1244)
	at org.testng.TestNG.runSuitesLocally(TestNG.java:1169)
	at org.testng.TestNG.run(TestNG.java:1064)
	at org.testng.remote.RemoteTestNG.run(RemoteTestNG.java:113)
	at org.testng.remote.RemoteTestNG.initAndRun(RemoteTestNG.java:206)
	at org.testng.remote.RemoteTestNG.main(RemoteTestNG.java:177)
]]>
            </full-stacktrace>
          </exception> <!-- java.lang.NullPointerException -->
          <reporter-output>
          </reporter-output>
        </test-method> <!-- submitDetails -->
        <test-method status="PASS" signature="closeBrowser()[pri:0, instance:com.atmecs.demoautomation.testscripts.Testhomepage@47f37ef1]" name="closeBrowser" is-config="true" duration-ms="4725" started-at="2020-09-22T10:01:07Z" finished-at="2020-09-22T10:01:12Z">
          <reporter-output>
          </reporter-output>
        </test-method> <!-- closeBrowser -->
      </class> <!-- com.atmecs.demoautomation.testscripts.Testhomepage -->
    </test> <!-- Default test -->
  </suite> <!-- Default suite -->
</testng-results>
