<?xml version="1.0" encoding="UTF-8"?>
<testng-results skipped="0" failed="0" total="1" passed="1">
  <reporter-output>
  </reporter-output>
  <suite name="Default suite" duration-ms="63414" started-at="2020-12-15T05:55:03Z" finished-at="2020-12-15T05:56:06Z">
    <groups>
    </groups>
    <test name="Default test" duration-ms="63414" started-at="2020-12-15T05:55:03Z" finished-at="2020-12-15T05:56:06Z">
      <class name="com.atmecs.testscripts.Testbookflights">
        <test-method status="PASS" signature="invokeBrowser()[pri:0, instance:com.atmecs.testscripts.Testbookflights@735b478]" name="invokeBrowser" is-config="true" duration-ms="19604" started-at="2020-12-15T11:25:04Z" finished-at="2020-12-15T11:25:23Z">
          <reporter-output>
          </reporter-output>
        </test-method> <!-- invokeBrowser -->
        <test-method status="PASS" signature="flightBooking(java.lang.String, java.lang.String)[pri:0, instance:com.atmecs.testscripts.Testbookflights@735b478]" name="flightBooking" duration-ms="42286" started-at="2020-12-15T11:25:23Z" data-provider="getExcelData" finished-at="2020-12-15T11:26:06Z">
          <params>
            <param index="0">
              <value>
                <![CDATA[Delhi]]>
              </value>
            </param>
            <param index="1">
              <value>
                <![CDATA[Chennai]]>
              </value>
            </param>
          </params>
          <reporter-output>
          </reporter-output>
        </test-method> <!-- flightBooking -->
        <test-method status="PASS" signature="closeBrowser()[pri:0, instance:com.atmecs.testscripts.Testbookflights@735b478]" name="closeBrowser" is-config="true" duration-ms="365" started-at="2020-12-15T11:26:06Z" finished-at="2020-12-15T11:26:06Z">
          <reporter-output>
          </reporter-output>
        </test-method> <!-- closeBrowser -->
      </class> <!-- com.atmecs.testscripts.Testbookflights -->
    </test> <!-- Default test -->
  </suite> <!-- Default suite -->
</testng-results>
